#
# There is insufficient memory for the Java Runtime Environment to continue.
# Native memory allocation (mmap) failed to map 132120576 bytes for G1 virtual space
# Possible reasons:
#   The system is out of physical RAM or swap space
#   The process is running with CompressedOops enabled, and the Java Heap may be blocking the growth of the native heap
# Possible solutions:
#   Reduce memory load on the system
#   Increase physical memory or swap space
#   Check if swap backing store is full
#   Decrease Java heap size (-Xmx/-Xms)
#   Decrease number of Java threads
#   Decrease Java thread stack sizes (-Xss)
#   Set larger code cache with -XX:ReservedCodeCacheSize=
#   JVM is running with Unscaled Compressed Oops mode in which the Java heap is
#     placed in the first 4GB address space. The Java Heap base address is the
#     maximum limit for the native heap growth. Please use -XX:HeapBaseMinAddress
#     to set the Java Heap base and to place the Java Heap above 4GB virtual address.
# This output file may be truncated or incomplete.
#
#  Out of Memory Error (os_windows.cpp:3550), pid=23220, tid=16160
#
# JRE version:  (17.0.8+9) (build )
# Java VM: Java HotSpot(TM) 64-Bit Server VM (17.0.8+9-LTS-211, mixed mode, sharing, tiered, compressed oops, compressed class ptrs, g1 gc, windows-amd64)
# No core dump will be written. Minidumps are not enabled by default on client versions of Windows
#

---------------  S U M M A R Y ------------

Command Line: -XX:+ShowCodeDetailsInExceptionMessages -agentlib:jdwp=transport=dt_socket,suspend=y,address=localhost:49371 -javaagent:C:\Users\MEDAC_TARDE\eclipse\java-2023-09\eclipse\configuration\org.eclipse.osgi\252\0\.cp\lib\javaagent-shaded.jar -Dfile.encoding=UTF-8 -Dstdout.encoding=UTF-8 -Dstderr.encoding=UTF-8 --module-path=C:\Users\MEDAC_TARDE\Desktop\PracticaDocumentacion\PracticaAlgoritmos\bin -Djdk.module.main=PracticaAlgoritmos PracticaAlgoritmos/app.Principal

Host: Intel(R) Core(TM) i5-1035G1 CPU @ 1.00GHz, 8 cores, 7G,  Windows 10 , 64 bit Build 19041 (10.0.19041.3636)
Time: Fri Apr 19 18:51:05 2024 Hora de verano romance elapsed time: 0.025278 seconds (0d 0h 0m 0s)

---------------  T H R E A D  ---------------

Current thread (0x0000022c25ea47e0):  JavaThread "Unknown thread" [_thread_in_vm, id=16160, stack(0x0000003b75000000,0x0000003b75100000)]

Stack: [0x0000003b75000000,0x0000003b75100000]
Native frames: (J=compiled Java code, j=interpreted, Vv=VM code, C=native code)
V  [jvm.dll+0x677d0a]
V  [jvm.dll+0x7d8c54]
V  [jvm.dll+0x7da3fe]
V  [jvm.dll+0x7daa63]
V  [jvm.dll+0x245c5f]
V  [jvm.dll+0x674bb9]
V  [jvm.dll+0x6694f2]
V  [jvm.dll+0x3031d6]
V  [jvm.dll+0x30a756]
V  [jvm.dll+0x359f9e]
V  [jvm.dll+0x35a1cf]
V  [jvm.dll+0x2da3e8]
V  [jvm.dll+0x2db354]
V  [jvm.dll+0x7aa711]
V  [jvm.dll+0x367b51]
V  [jvm.dll+0x789979]
V  [jvm.dll+0x3eb05f]
V  [jvm.dll+0x3ecae1]
C  [jli.dll+0x5297]
C  [ucrtbase.dll+0x21bb2]
C  [KERNEL32.DLL+0x17344]
C  [ntdll.dll+0x526b1]


---------------  P R O C E S S  ---------------

Threads class SMR info:
_java_thread_list=0x00007ff859ab59d8, length=0, elements={
}

Java Threads: ( => current thread )

Other Threads:
  0x0000022c25efbc80 GCTaskThread "GC Thread#0" [stack: 0x0000003b75100000,0x0000003b75200000] [id=22760]
  0x0000022c25f0f560 ConcurrentGCThread "G1 Main Marker" [stack: 0x0000003b75200000,0x0000003b75300000] [id=15036]
  0x0000022c25f0ff70 ConcurrentGCThread "G1 Conc#0" [stack: 0x0000003b75300000,0x0000003b75400000] [id=15132]

[error occurred during error reporting (printing all threads), id 0xc0000005, EXCEPTION_ACCESS_VIOLATION (0xc0000005) at pc=0x00007ff8592eb047]

VM state: not at safepoint (not fully initialized)

VM Mutex/Monitor currently owned by a thread:  ([mutex/lock_event])
[0x0000022c25ea1320] Heap_lock - owner thread: 0x0000022c25ea47e0

Heap address: 0x0000000083200000, size: 1998 MB, Compressed Oops mode: 32-bit

CDS archive(s) mapped at: [0x0000000000000000-0x0000000000000000-0x0000000000000000), size 0, SharedBaseAddress: 0x0000000800000000, ArchiveRelocationMode: 1.
Narrow klass base: 0x0000000000000000, Narrow klass shift: 0, Narrow klass range: 0x0

GC Precious Log:
<Empty>

Heap:
 garbage-first heap   total 0K, used 0K [0x0000000083200000, 0x0000000100000000)
  region size 1024K, 0 young (0K), 0 survivors (0K)

[error occurred during error reporting (printing heap information), id 0xc0000005, EXCEPTION_ACCESS_VIOLATION (0xc0000005) at pc=0x00007ff8596d1499]

GC Heap History (0 events):
No events

Deoptimization events (0 events):
No events

Classes unloaded (0 events):
No events

Classes redefined (0 events):
No events

Internal exceptions (0 events):
No events

VM Operations (0 events):
No events

Events (1 events):
Event: 0.009 Loaded shared library C:\Program Files\Java\jdk-17\bin\java.dll


Dynamic libraries:
0x00007ff688a80000 - 0x00007ff688a90000 	C:\Program Files\Java\jdk-17\bin\javaw.exe
0x00007ff8a2470000 - 0x00007ff8a2668000 	C:\WINDOWS\SYSTEM32\ntdll.dll
0x00007ff8a0690000 - 0x00007ff8a074d000 	C:\WINDOWS\System32\KERNEL32.DLL
0x00007ff89fe20000 - 0x00007ff8a0116000 	C:\WINDOWS\System32\KERNELBASE.dll
0x00007ff89fc80000 - 0x00007ff89fd80000 	C:\WINDOWS\System32\ucrtbase.dll
0x00007ff893760000 - 0x00007ff893779000 	C:\Program Files\Java\jdk-17\bin\jli.dll
0x00007ff879f20000 - 0x00007ff879f3b000 	C:\Program Files\Java\jdk-17\bin\VCRUNTIME140.dll
0x00007ff8a0cb0000 - 0x00007ff8a0d60000 	C:\WINDOWS\System32\ADVAPI32.dll
0x00007ff8a1f20000 - 0x00007ff8a1fbe000 	C:\WINDOWS\System32\msvcrt.dll
0x00007ff8a0b60000 - 0x00007ff8a0c00000 	C:\WINDOWS\System32\sechost.dll
0x00007ff8a0a20000 - 0x00007ff8a0b43000 	C:\WINDOWS\System32\RPCRT4.dll
0x00007ff8a0330000 - 0x00007ff8a0357000 	C:\WINDOWS\System32\bcrypt.dll
0x00007ff8a0750000 - 0x00007ff8a08ef000 	C:\WINDOWS\System32\USER32.dll
0x00007ff8a0120000 - 0x00007ff8a0142000 	C:\WINDOWS\System32\win32u.dll
0x00007ff88a7c0000 - 0x00007ff88aa5a000 	C:\WINDOWS\WinSxS\amd64_microsoft.windows.common-controls_6595b64144ccf1df_6.0.19041.3636_none_60b6a03d71f818d5\COMCTL32.dll
0x00007ff8a08f0000 - 0x00007ff8a091b000 	C:\WINDOWS\System32\GDI32.dll
0x00007ff8a0150000 - 0x00007ff8a0267000 	C:\WINDOWS\System32\gdi32full.dll
0x00007ff89fd80000 - 0x00007ff89fe1d000 	C:\WINDOWS\System32\msvcp_win.dll
0x00007ff895180000 - 0x00007ff89518a000 	C:\WINDOWS\SYSTEM32\VERSION.dll
0x00007ff8a0650000 - 0x00007ff8a0682000 	C:\WINDOWS\System32\IMM32.DLL
0x00007ff89cde0000 - 0x00007ff89cdec000 	C:\Program Files\Java\jdk-17\bin\vcruntime140_1.dll
0x00007ff867b10000 - 0x00007ff867b9e000 	C:\Program Files\Java\jdk-17\bin\msvcp140.dll
0x00007ff859000000 - 0x00007ff859bde000 	C:\Program Files\Java\jdk-17\bin\server\jvm.dll
0x00007ff8a0b50000 - 0x00007ff8a0b58000 	C:\WINDOWS\System32\PSAPI.DLL
0x00007ff88c200000 - 0x00007ff88c227000 	C:\WINDOWS\SYSTEM32\WINMM.dll
0x00007ff88a430000 - 0x00007ff88a439000 	C:\WINDOWS\SYSTEM32\WSOCK32.dll
0x00007ff8a16c0000 - 0x00007ff8a172b000 	C:\WINDOWS\System32\WS2_32.dll
0x00007ff89e300000 - 0x00007ff89e312000 	C:\WINDOWS\SYSTEM32\kernel.appcore.dll
0x00007ff897df0000 - 0x00007ff897dfa000 	C:\Program Files\Java\jdk-17\bin\jimage.dll
0x00007ff89d870000 - 0x00007ff89da54000 	C:\WINDOWS\SYSTEM32\DBGHELP.DLL
0x00007ff895240000 - 0x00007ff895274000 	C:\WINDOWS\SYSTEM32\dbgcore.DLL
0x00007ff8a0410000 - 0x00007ff8a0492000 	C:\WINDOWS\System32\bcryptPrimitives.dll
0x00007ff865eb0000 - 0x00007ff865eeb000 	C:\Program Files\Java\jdk-17\bin\jdwp.dll
0x00007ff877df0000 - 0x00007ff877dfe000 	C:\Program Files\Java\jdk-17\bin\instrument.dll
0x00007ff86df50000 - 0x00007ff86df75000 	C:\Program Files\Java\jdk-17\bin\java.dll

dbghelp: loaded successfully - version: 4.0.5 - missing functions: none
symbol engine: initialized successfully - sym options: 0x614 - pdb path: .;C:\Program Files\Java\jdk-17\bin;C:\WINDOWS\SYSTEM32;C:\WINDOWS\WinSxS\amd64_microsoft.windows.common-controls_6595b64144ccf1df_6.0.19041.3636_none_60b6a03d71f818d5;C:\Program Files\Java\jdk-17\bin\server

VM Arguments:
jvm_args: -XX:+ShowCodeDetailsInExceptionMessages -agentlib:jdwp=transport=dt_socket,suspend=y,address=localhost:49371 -javaagent:C:\Users\MEDAC_TARDE\eclipse\java-2023-09\eclipse\configuration\org.eclipse.osgi\252\0\.cp\lib\javaagent-shaded.jar -Dfile.encoding=UTF-8 -Dstdout.encoding=UTF-8 -Dstderr.encoding=UTF-8 --module-path=C:\Users\MEDAC_TARDE\Desktop\PracticaDocumentacion\PracticaAlgoritmos\bin -Djdk.module.main=PracticaAlgoritmos 
java_command: PracticaAlgoritmos/app.Principal
java_class_path (initial): <not set>
Launcher Type: SUN_STANDARD

[Global flags]
     intx CICompilerCount                          = 4                                         {product} {ergonomic}
     uint ConcGCThreads                            = 2                                         {product} {ergonomic}
     uint G1ConcRefinementThreads                  = 8                                         {product} {ergonomic}
   size_t G1HeapRegionSize                         = 1048576                                   {product} {ergonomic}
    uintx GCDrainStackTargetSize                   = 64                                        {product} {ergonomic}
   size_t InitialHeapSize                          = 132120576                                 {product} {ergonomic}
   size_t MarkStackSize                            = 4194304                                   {product} {ergonomic}
   size_t MaxHeapSize                              = 2095054848                                {product} {ergonomic}
   size_t MinHeapDeltaBytes                        = 1048576                                   {product} {ergonomic}
   size_t MinHeapSize                              = 8388608                                   {product} {ergonomic}
    uintx NonNMethodCodeHeapSize                   = 5839372                                {pd product} {ergonomic}
    uintx NonProfiledCodeHeapSize                  = 122909434                              {pd product} {ergonomic}
    uintx ProfiledCodeHeapSize                     = 122909434                              {pd product} {ergonomic}
    uintx ReservedCodeCacheSize                    = 251658240                              {pd product} {ergonomic}
     bool SegmentedCodeCache                       = true                                      {product} {ergonomic}
     bool ShowCodeDetailsInExceptionMessages       = true                                   {manageable} {command line}
   size_t SoftMaxHeapSize                          = 2095054848                             {manageable} {ergonomic}
     bool UseCompressedClassPointers               = true                           {product lp64_product} {ergonomic}
     bool UseCompressedOops                        = true                           {product lp64_product} {ergonomic}
     bool UseG1GC                                  = true                                      {product} {ergonomic}
     bool UseLargePagesIndividualAllocation        = false                                  {pd product} {ergonomic}

Logging:
Log output configuration:
 #0: stdout all=warning uptime,level,tags
 #1: stderr all=off uptime,level,tags

Environment Variables:
PATH=C:\app\MEDACMORNING\product\21c\database\dbhomeXE\bin;C:\Program Files\Common Files\Oracle\Java\javapath;C:\WINDOWS\system32;C:\WINDOWS;C:\WINDOWS\System32\Wbem;C:\WINDOWS\System32\WindowsPowerShell\v1.0\;C:\WINDOWS\System32\OpenSSH\;C:\Program Files\gs\gs10.00.0\bin;C:\Program Files\Git\cmd;C:\Program Files (x86)\BaseX\bin;C:\Users\MEDAC_TARDE\AppData\Local\Programs\Python\Launcher\;C:\Users\MEDAC_TARDE\AppData\Local\Microsoft\WindowsApps;C:\Users\MEDAC_TARDE\AppData\Local\Programs\Microsoft VS Code\bin;C:\Users\MEDAC_TARDE\AppData\Local\GitHubDesktop\bin
USERNAME=MEDAC_TARDE
OS=Windows_NT
PROCESSOR_IDENTIFIER=Intel64 Family 6 Model 126 Stepping 5, GenuineIntel



---------------  S Y S T E M  ---------------

OS:
 Windows 10 , 64 bit Build 19041 (10.0.19041.3636)
OS uptime: 8 days 9:11 hours
Hyper-V role detected

CPU: total 8 (initial active 8) (4 cores per cpu, 2 threads per core) family 6 model 126 stepping 5 microcode 0xa6, cx8, cmov, fxsr, ht, mmx, 3dnowpref, sse, sse2, sse3, ssse3, sse4.1, sse4.2, popcnt, lzcnt, tsc, tscinvbit, avx, avx2, aes, erms, clmul, bmi1, bmi2, adx, avx512f, avx512dq, avx512cd, avx512bw, avx512vl, sha, fma, vzeroupper, avx512_vpopcntdq, avx512_vpclmulqdq, avx512_vaes, avx512_vnni, clflush, clflushopt, avx512_vbmi2, avx512_vbmi, hv

Memory: 4k page, system-wide physical 7987M (1111M free)
TotalPageFile size 12083M (AvailPageFile size 46M)
current process WorkingSet (physical memory assigned to process): 11M, peak: 11M
current process commit charge ("private bytes"): 60M, peak: 186M

vm_info: Java HotSpot(TM) 64-Bit Server VM (17.0.8+9-LTS-211) for windows-amd64 JRE (17.0.8+9-LTS-211), built on Jun 14 2023 10:34:31 by "mach5one" with MS VC++ 17.1 (VS2022)

END.
